<?xml version="1.0" encoding="UTF-8"?>
<testng-results ignored="0" total="1" passed="1" failed="0" skipped="0">
  <reporter-output>
  </reporter-output>
  <suite started-at="2024-08-01T20:26:09 IST" name="Suite" finished-at="2024-08-01T20:26:25 IST" duration-ms="16190">
    <groups>
      <group name="cucumber">
        <method signature="AbstractTestNGCucumberTests.runScenario(io.cucumber.testng.PickleWrapper,io.cucumber.testng.FeatureWrapper)[pri:0, instance:runner.RunCuke@57bc27f5]" name="runScenario" class="io.cucumber.testng.AbstractTestNGCucumberTests"/>
      </group> <!-- cucumber -->
    </groups>
    <test started-at="2024-08-01T20:26:09 IST" name="Test" finished-at="2024-08-01T20:26:25 IST" duration-ms="16190">
      <class name="runner.RunCuke">
        <test-method is-config="true" signature="setUpClass(org.testng.ITestContext)[pri:0, instance:runner.RunCuke@57bc27f5]" started-at="2024-08-01T20:26:09 IST" name="setUpClass" finished-at="2024-08-01T20:26:09 IST" duration-ms="742" status="PASS">
          <params>
            <param index="0">
              <value>
                <![CDATA[org.testng.TestRunner@534762ed]]>
              </value>
            </param>
          </params>
          <reporter-output>
          </reporter-output>
        </test-method> <!-- setUpClass -->
        <test-method signature="runScenario(io.cucumber.testng.PickleWrapper,io.cucumber.testng.FeatureWrapper)[pri:0, instance:runner.RunCuke@57bc27f5]" started-at="2024-08-01T20:26:09 IST" name="runScenario" description="Runs Cucumber Scenarios" data-provider="scenarios" finished-at="2024-08-01T20:26:23 IST" duration-ms="13386" status="PASS">
          <params>
            <param index="0">
              <value>
                <![CDATA["validate Find your next car page"]]>
              </value>
            </param>
            <param index="1">
              <value>
                <![CDATA["Acceptance Testing to validate find car is working fine"]]>
              </value>
            </param>
          </params>
          <reporter-output>
          </reporter-output>
        </test-method> <!-- runScenario -->
        <test-method is-config="true" signature="tearDownClass()[pri:0, instance:runner.RunCuke@57bc27f5]" started-at="2024-08-01T20:26:23 IST" name="tearDownClass" finished-at="2024-08-01T20:26:25 IST" duration-ms="2011" status="PASS">
          <reporter-output>
          </reporter-output>
        </test-method> <!-- tearDownClass -->
      </class> <!-- runner.RunCuke -->
    </test> <!-- Test -->
  </suite> <!-- Suite -->
</testng-results>
